# JRE version: OpenJDK Runtime Environment Temurin-25.0.1+8 (25.0.1+8) (build 25.0.1+8-LTS)
# Java VM: OpenJDK 64-Bit Server VM Temurin-25.0.1+8 (25.0.1+8-LTS, mixed mode, emulated-client, sharing, tiered, compressed oops, compressed class ptrs, g1 gc, windows-amd64)
GC Precious Log:
 CardTable entry size: 512
 Card Set container configuration: InlinePtr #cards 5 size 8 Array Of Cards #cards 10 size 36 Howl #buckets 4 coarsen threshold 1843 Howl Bitmap #cards 512 size 80 coarsen threshold 460 Card regions per heap region 1 cards per card region 2048
 CPUs: 12 total, 12 available
 Memory: 3780M
 Large Page Support: Disabled
 NUMA Support: Disabled
 Compressed Oops: Enabled (32-bit)
 Heap Region Size: 1M
 Heap Min Capacity: 8M
 Heap Initial Capacity: 60M
 Heap Max Capacity: 946M
 Pre-touch: Disabled
 Parallel Workers: 10
 Concurrent Workers: 3
 Concurrent Refinement Workers: 10
 Periodic GC: Disabled
Heap:
 garbage-first heap   total reserved 968704K, committed 90112K, used 81993K [0x00000000c4e00000, 0x0000000100000000)
  region size 1024K, 40 young (40960K), 4 survivors (4096K)
GC Heap Usage History (20 events):
Event: 42.746 {heap After GC invocations=25 (full 0):
 garbage-first heap   total reserved 968704K, committed 80896K, used 47213K [0x00000000c4e00000, 0x0000000100000000)
  region size 1024K, 4 young (4096K), 4 survivors (4096K)
}
Event: 77.478 {heap Before GC invocations=25 (full 0):
 garbage-first heap   total reserved 968704K, committed 80896K, used 70765K [0x00000000c4e00000, 0x0000000100000000)
  region size 1024K, 28 young (28672K), 4 survivors (4096K)
}
Event: 77.698 {heap After GC invocations=26 (full 0):
 garbage-first heap   total reserved 968704K, committed 87040K, used 49558K [0x00000000c4e00000, 0x0000000100000000)
  region size 1024K, 4 young (4096K), 4 survivors (4096K)
}
Event: 91.125 {heap Before GC invocations=26 (full 0):
 garbage-first heap   total reserved 968704K, committed 87040K, used 75158K [0x00000000c4e00000, 0x0000000100000000)
  region size 1024K, 30 young (30720K), 4 survivors (4096K)
}
Event: 91.167 {heap After GC invocations=27 (full 0):
 garbage-first heap   total reserved 968704K, committed 87040K, used 50178K [0x00000000c4e00000, 0x0000000100000000)
  region size 1024K, 2 young (2048K), 2 survivors (2048K)
}
Event: 116.602 {heap Before GC invocations=28 (full 0):
 garbage-first heap   total reserved 968704K, committed 87040K, used 75778K [0x00000000c4e00000, 0x0000000100000000)
  region size 1024K, 28 young (28672K), 2 survivors (2048K)
}
Event: 116.658 {heap After GC invocations=29 (full 0):
 garbage-first heap   total reserved 968704K, committed 87040K, used 50187K [0x00000000c4e00000, 0x0000000100000000)
  region size 1024K, 2 young (2048K), 2 survivors (2048K)
}
Event: 148.541 {heap Before GC invocations=29 (full 0):
 garbage-first heap   total reserved 968704K, committed 87040K, used 79883K [0x00000000c4e00000, 0x0000000100000000)
  region size 1024K, 30 young (30720K), 2 survivors (2048K)
}
Event: 148.602 {heap After GC invocations=30 (full 0):
 garbage-first heap   total reserved 968704K, committed 87040K, used 49404K [0x00000000c4e00000, 0x0000000100000000)
  region size 1024K, 2 young (2048K), 2 survivors (2048K)
}
Event: 642.307 {heap Before GC invocations=30 (full 0):
 garbage-first heap   total reserved 968704K, committed 87040K, used 80124K [0x00000000c4e00000, 0x0000000100000000)
  region size 1024K, 32 young (32768K), 2 survivors (2048K)
}
Event: 642.413 {heap After GC invocations=31 (full 0):
 garbage-first heap   total reserved 968704K, committed 87040K, used 49252K [0x00000000c4e00000, 0x0000000100000000)
  region size 1024K, 2 young (2048K), 2 survivors (2048K)
}
Event: 2003.720 {heap Before GC invocations=32 (full 0):
 garbage-first heap   total reserved 968704K, committed 87040K, used 77924K [0x00000000c4e00000, 0x0000000100000000)
  region size 1024K, 33 young (33792K), 2 survivors (2048K)
}
Event: 2003.827 {heap After GC invocations=33 (full 0):
 garbage-first heap   total reserved 968704K, committed 87040K, used 47774K [0x00000000c4e00000, 0x0000000100000000)
  region size 1024K, 3 young (3072K), 3 survivors (3072K)
}
Event: 2424.006 {heap Before GC invocations=33 (full 0):
 garbage-first heap   total reserved 968704K, committed 87040K, used 79518K [0x00000000c4e00000, 0x0000000100000000)
  region size 1024K, 35 young (35840K), 3 survivors (3072K)
}
Event: 2424.080 {heap After GC invocations=34 (full 0):
 garbage-first heap   total reserved 968704K, committed 90112K, used 44991K [0x00000000c4e00000, 0x0000000100000000)
  region size 1024K, 3 young (3072K), 3 survivors (3072K)
}
Event: 2445.198 {heap Before GC invocations=34 (full 0):
 garbage-first heap   total reserved 968704K, committed 90112K, used 82879K [0x00000000c4e00000, 0x0000000100000000)
  region size 1024K, 41 young (41984K), 3 survivors (3072K)
}
Event: 2445.243 {heap After GC invocations=35 (full 0):
 garbage-first heap   total reserved 968704K, committed 90112K, used 45758K [0x00000000c4e00000, 0x0000000100000000)
  region size 1024K, 4 young (4096K), 4 survivors (4096K)
}
Event: 2593.606 {heap Before GC invocations=36 (full 0):
 garbage-first heap   total reserved 968704K, committed 90112K, used 82622K [0x00000000c4e00000, 0x0000000100000000)
  region size 1024K, 41 young (41984K), 4 survivors (4096K)
}
Event: 2593.790 {heap After GC invocations=37 (full 0):
 garbage-first heap   total reserved 968704K, committed 90112K, used 46153K [0x00000000c4e00000, 0x0000000100000000)
  region size 1024K, 4 young (4096K), 4 survivors (4096K)
}
Event: 3717.904 {heap Before GC invocations=37 (full 0):
 garbage-first heap   total reserved 968704K, committed 90112K, used 81993K [0x00000000c4e00000, 0x0000000100000000)
  region size 1024K, 40 young (40960K), 4 survivors (4096K)
}

